Test (3B): agreement after follower reconnects ...
0143586 LOG1 S2 start ticker
0143585 LOG1 S1 start ticker
0148957 LOG1 S0 start 1 term election
0148958 INFO S2 vote S0 reason lastTerm {-1 %!!(MISSING)d(string=你好)} args.lastTerm -1 lastIndex 0 args.lastIndex 0
0148959 VOTE S2(0) -> S0(1)
0148959 INFO S1 vote S0 reason lastTerm {-1 %!!(MISSING)d(string=你好)} args.lastTerm -1 lastIndex 0 args.lastIndex 0
0148959 VOTE S1(0) -> S0(1)
0149160 LEAD S0 become a leader
0149160 LEAD S0 start to send heartbeat
0149160 LOG1 S0 start to accept request
0149160 LOG2 S0 --> S1 [0, 0] target 1
0149161 LOG2 S0 --> S2 [0, 0] target 1
0149162 LOG1 S1(len 1 preidx -1 preTerm 0 args.leadercommit 0) accept S0(1) entry(1)
0149162 INFO S1 receive heartbeat S0 leadercommit 0, self lastApplied 0
0149162 LOG2 S0 nextIndex S1 0 += 1
0149162 INFO S2 receive heartbeat S0 leadercommit 0, self lastApplied 0
0149163 LOG1 S2(len 1 preidx -1 preTerm 0 args.leadercommit 0) accept S0(1) entry(1)
0149164 LOG2 S0 nextIndex S2 0 += 1
0149629 LEAD S0 accept new task 1 101
0155280 LOG1 S2 start 2 term election
0155704 INFO S1 vote S2 reason lastTerm {-1 %!!(MISSING)d(string=你好)} args.lastTerm -1 lastIndex 0 args.lastIndex 0
0155704 VOTE S1(1) -> S2(2)
0155706 INFO S2 refused to appendEntries from S0(2 > 1)
0155707 INFO S1 refused to appendEntries from S0(2 > 1)
0155707 VOTE S0 refused to vote S2(log))
0155707 LOG1 S0 start ticker
0155707 LEAD S0 know not leader
0155909 LEAD S2 become a leader
0155909 LEAD S2 start to send heartbeat
0155911 INFO S1 receive heartbeat S2 leadercommit 0, self lastApplied 0
0155912 LOG1 S2 start to accept request
0155912 INFO S0 receive heartbeat S2 leadercommit 0, self lastApplied 1
0155913 LOG2 S2 --> S0 [0, 0] target 1
0155914 LOG1 S0(len 2 preidx -1 preTerm 0 args.leadercommit 0) accept S2(2) entry(1)
0155914 LOG2 S2 nextIndex S0 0 += 1
0155914 LOG2 S2 --> S1 [0, 0] target 1
0155915 LOG1 S1(len 1 preidx -1 preTerm 0 args.leadercommit 0) accept S2(2) entry(1)
0155916 LOG2 S2 nextIndex S1 0 += 1
0157418 INFO S0 receive heartbeat S2 leadercommit 0, self lastApplied 0
0157421 INFO S1 receive heartbeat S2 leadercommit 0, self lastApplied 0
0158923 INFO S1 receive heartbeat S2 leadercommit 0, self lastApplied 0
0158924 INFO S0 receive heartbeat S2 leadercommit 0, self lastApplied 0
0160426 INFO S1 receive heartbeat S2 leadercommit 0, self lastApplied 0
0160426 INFO S0 receive heartbeat S2 leadercommit 0, self lastApplied 0
0161928 INFO S1 receive heartbeat S2 leadercommit 0, self lastApplied 0
0161929 INFO S0 receive heartbeat S2 leadercommit 0, self lastApplied 0
0163434 INFO S0 receive heartbeat S2 leadercommit 0, self lastApplied 0
0163434 INFO S1 receive heartbeat S2 leadercommit 0, self lastApplied 0
0164938 INFO S1 receive heartbeat S2 leadercommit 0, self lastApplied 0
0164938 INFO S0 receive heartbeat S2 leadercommit 0, self lastApplied 0
0166442 INFO S0 receive heartbeat S2 leadercommit 0, self lastApplied 0
0166442 INFO S1 receive heartbeat S2 leadercommit 0, self lastApplied 0
0167944 INFO S0 receive heartbeat S2 leadercommit 0, self lastApplied 0
0167944 INFO S1 receive heartbeat S2 leadercommit 0, self lastApplied 0
0169450 INFO S0 receive heartbeat S2 leadercommit 0, self lastApplied 0
0169451 INFO S1 receive heartbeat S2 leadercommit 0, self lastApplied 0
0170952 INFO S0 receive heartbeat S2 leadercommit 0, self lastApplied 0
0170952 INFO S1 receive heartbeat S2 leadercommit 0, self lastApplied 0
0172461 INFO S0 receive heartbeat S2 leadercommit 0, self lastApplied 0
0172461 INFO S1 receive heartbeat S2 leadercommit 0, self lastApplied 0
0173970 INFO S0 receive heartbeat S2 leadercommit 0, self lastApplied 0
0173970 INFO S1 receive heartbeat S2 leadercommit 0, self lastApplied 0
0175475 INFO S1 receive heartbeat S2 leadercommit 0, self lastApplied 0
0175475 INFO S0 receive heartbeat S2 leadercommit 0, self lastApplied 0
--- FAIL: TestFailAgree3B (3.23s)
    config.go:600: one(101) failed to reach agreement